android/app/build/intermediates/manifest_merge_blame_file/release/manifest-merger-blame-release-report.txt
1<?xml version="1.0" encoding="utf-8"?>
2<manifest xmlns:android="http://schemas.android.com/apk/res/android"
3    package="com.btroo"
4    android:versionCode="1"
5    android:versionName="1.0" >
6
7    <uses-sdk
8        android:minSdkVersion="21"
8-->src/main/AndroidManifest.xml
9        android:targetSdkVersion="33" />
9-->src/main/AndroidManifest.xml
10
11    <uses-permission android:name="android.permission.INTERNET" />
11-->src/main/AndroidManifest.xml:4:5-67
11-->src/main/AndroidManifest.xml:4:22-64
12    <uses-permission android:name="android.permission.CAMERA" />
12-->src/main/AndroidManifest.xml:5:9-69
12-->src/main/AndroidManifest.xml:5:26-66
13    <uses-permission android:name="android.permission.ACCESS_COARSE_LOCATION" />
13-->src/main/AndroidManifest.xml:6:5-81
13-->src/main/AndroidManifest.xml:6:22-78
14    <uses-permission android:name="android.permission.ACCESS_FINE_LOCATION" />
14-->src/main/AndroidManifest.xml:7:5-79
14-->src/main/AndroidManifest.xml:7:22-76
15    <uses-permission android:name="android.permission.READ_MEDIA_IMAGES" />
15-->src/main/AndroidManifest.xml:8:5-76
15-->src/main/AndroidManifest.xml:8:22-73
16    <uses-permission android:name="android.permission.READ_SMS" />
16-->src/main/AndroidManifest.xml:9:5-67
16-->src/main/AndroidManifest.xml:9:22-64
17    <uses-permission android:name="android.permission.RECEIVE_SMS" />
17-->src/main/AndroidManifest.xml:10:5-70
17-->src/main/AndroidManifest.xml:10:22-67
18    <uses-permission android:name="android.permission.VIBRATE" />
18-->src/main/AndroidManifest.xml:12:9-69
18-->src/main/AndroidManifest.xml:12:26-67
19    <uses-permission android:name="android.permission.RECEIVE_BOOT_COMPLETED" />
19-->src/main/AndroidManifest.xml:13:5-81
19-->src/main/AndroidManifest.xml:13:22-78
20    <uses-permission android:name="android.permission.POST_NOTIFICATIONS" />
20-->src/main/AndroidManifest.xml:14:5-77
20-->src/main/AndroidManifest.xml:14:22-74
21    <uses-permission android:name="android.permission.SCHEDULE_EXACT_ALARM" />
21-->src/main/AndroidManifest.xml:15:5-79
21-->src/main/AndroidManifest.xml:15:22-76
22    <uses-permission android:name="android.permission.VIBRATE" />
22-->src/main/AndroidManifest.xml:12:9-69
22-->src/main/AndroidManifest.xml:12:26-67
23    <uses-permission android:name="android.permission.ACCESS_NETWORK_STATE" />
23-->[:react-native-community_netinfo] AndroidManifest.xml:9:5-79
23-->[:react-native-community_netinfo] AndroidManifest.xml:9:22-76
24    <uses-permission android:name="android.permission.ACCESS_WIFI_STATE" />
24-->[:react-native-community_netinfo] AndroidManifest.xml:10:5-76
24-->[:react-native-community_netinfo] AndroidManifest.xml:10:22-73
25    <uses-permission android:name="android.permission.WAKE_LOCK" /> <!-- Required for react-native-email-link on Android 30+ -->
25-->[:react-native-firebase_analytics] AndroidManifest.xml:11:5-68
25-->[:react-native-firebase_analytics] AndroidManifest.xml:11:22-65
26    <queries>
26-->[:react-native-email-link] AndroidManifest.xml:9:5-15:15
27        <intent>
27-->[:react-native-email-link] AndroidManifest.xml:10:9-14:18
28            <action android:name="android.intent.action.VIEW" />
28-->[:react-native-email-link] AndroidManifest.xml:11:13-65
28-->[:react-native-email-link] AndroidManifest.xml:11:21-62
29
30            <data android:scheme="mailto" />
30-->[:react-native-email-link] AndroidManifest.xml:13:13-45
30-->[:react-native-email-link] AndroidManifest.xml:13:19-42
31        </intent>
32        <intent>
32-->[:react-native-image-crop-picker] AndroidManifest.xml:10:9-12:18
33            <action android:name="android.media.action.IMAGE_CAPTURE" />
33-->[:react-native-image-crop-picker] AndroidManifest.xml:11:13-73
33-->[:react-native-image-crop-picker] AndroidManifest.xml:11:21-70
34        </intent>
35        <intent>
35-->[androidx.camera:camera-extensions:1.1.0-beta02] AndroidManifest.xml:25:9-27:18
36            <action android:name="androidx.camera.extensions.action.VENDOR_ACTION" />
36-->[androidx.camera:camera-extensions:1.1.0-beta02] AndroidManifest.xml:26:13-86
36-->[androidx.camera:camera-extensions:1.1.0-beta02] AndroidManifest.xml:26:21-83
37        </intent>
38    </queries>
39
40    <uses-permission android:name="android.permission.WRITE_EXTERNAL_STORAGE" /> <!-- Required by older versions of Google Play services to create IID tokens -->
40-->[:react-native-fs] AndroidManifest.xml:9:5-81
40-->[:react-native-fs] AndroidManifest.xml:9:22-78
41    <uses-permission android:name="com.google.android.c2dm.permission.RECEIVE" />
41-->[com.google.firebase:firebase-messaging:23.2.0] AndroidManifest.xml:28:5-82
41-->[com.google.firebase:firebase-messaging:23.2.0] AndroidManifest.xml:28:22-79
42    <uses-permission android:name="com.google.android.gms.permission.AD_ID" />
42-->[com.google.android.gms:play-services-measurement-api:21.3.0] AndroidManifest.xml:25:5-79
42-->[com.google.android.gms:play-services-measurement-api:21.3.0] AndroidManifest.xml:25:22-76
43    <uses-permission android:name="android.permission.READ_EXTERNAL_STORAGE" />
43-->[com.github.numandev1:VideoCompressor:1a262bba37] AndroidManifest.xml:11:5-80
43-->[com.github.numandev1:VideoCompressor:1a262bba37] AndroidManifest.xml:11:22-77
44    <uses-permission android:name="com.google.android.finsky.permission.BIND_GET_INSTALL_REFERRER_SERVICE" /> <!-- for android -->
44-->[com.google.android.gms:play-services-measurement:21.3.0] AndroidManifest.xml:26:5-110
44-->[com.google.android.gms:play-services-measurement:21.3.0] AndroidManifest.xml:26:22-107
45    <!-- <uses-permission android:name="com.android.launcher.permission.READ_SETTINGS"/> -->
46    <!-- <uses-permission android:name="com.android.launcher.permission.WRITE_SETTINGS"/> -->
47    <!-- <uses-permission android:name="com.android.launcher.permission.INSTALL_SHORTCUT" /> -->
48    <!-- <uses-permission android:name="com.android.launcher.permission.UNINSTALL_SHORTCUT" /> -->
49    <!-- for Samsung -->
50    <uses-permission android:name="com.sec.android.provider.badge.permission.READ" />
50-->[me.leolin:ShortcutBadger:1.1.22] AndroidManifest.xml:19:5-86
50-->[me.leolin:ShortcutBadger:1.1.22] AndroidManifest.xml:19:22-83
51    <uses-permission android:name="com.sec.android.provider.badge.permission.WRITE" /> <!-- for htc -->
51-->[me.leolin:ShortcutBadger:1.1.22] AndroidManifest.xml:20:5-87
51-->[me.leolin:ShortcutBadger:1.1.22] AndroidManifest.xml:20:22-84
52    <uses-permission android:name="com.htc.launcher.permission.READ_SETTINGS" />
52-->[me.leolin:ShortcutBadger:1.1.22] AndroidManifest.xml:23:5-81
52-->[me.leolin:ShortcutBadger:1.1.22] AndroidManifest.xml:23:22-78
53    <uses-permission android:name="com.htc.launcher.permission.UPDATE_SHORTCUT" /> <!-- for sony -->
53-->[me.leolin:ShortcutBadger:1.1.22] AndroidManifest.xml:24:5-83
53-->[me.leolin:ShortcutBadger:1.1.22] AndroidManifest.xml:24:22-80
54    <uses-permission android:name="com.sonyericsson.home.permission.BROADCAST_BADGE" />
54-->[me.leolin:ShortcutBadger:1.1.22] AndroidManifest.xml:27:5-88
54-->[me.leolin:ShortcutBadger:1.1.22] AndroidManifest.xml:27:22-85
55    <uses-permission android:name="com.sonymobile.home.permission.PROVIDER_INSERT_BADGE" /> <!-- for apex -->
55-->[me.leolin:ShortcutBadger:1.1.22] AndroidManifest.xml:28:5-92
55-->[me.leolin:ShortcutBadger:1.1.22] AndroidManifest.xml:28:22-89
56    <uses-permission android:name="com.anddoes.launcher.permission.UPDATE_COUNT" /> <!-- for solid -->
56-->[me.leolin:ShortcutBadger:1.1.22] AndroidManifest.xml:31:5-84
56-->[me.leolin:ShortcutBadger:1.1.22] AndroidManifest.xml:31:22-81
57    <uses-permission android:name="com.majeur.launcher.permission.UPDATE_BADGE" /> <!-- for huawei -->
57-->[me.leolin:ShortcutBadger:1.1.22] AndroidManifest.xml:34:5-83
57-->[me.leolin:ShortcutBadger:1.1.22] AndroidManifest.xml:34:22-80
58    <uses-permission android:name="com.huawei.android.launcher.permission.CHANGE_BADGE" />
58-->[me.leolin:ShortcutBadger:1.1.22] AndroidManifest.xml:37:5-91
58-->[me.leolin:ShortcutBadger:1.1.22] AndroidManifest.xml:37:22-88
59    <uses-permission android:name="com.huawei.android.launcher.permission.READ_SETTINGS" />
59-->[me.leolin:ShortcutBadger:1.1.22] AndroidManifest.xml:38:5-92
59-->[me.leolin:ShortcutBadger:1.1.22] AndroidManifest.xml:38:22-89
60    <uses-permission android:name="com.huawei.android.launcher.permission.WRITE_SETTINGS" /> <!-- for ZUK -->
60-->[me.leolin:ShortcutBadger:1.1.22] AndroidManifest.xml:39:5-93
60-->[me.leolin:ShortcutBadger:1.1.22] AndroidManifest.xml:39:22-90
61    <uses-permission android:name="android.permission.READ_APP_BADGE" /> <!-- for OPPO -->
61-->[me.leolin:ShortcutBadger:1.1.22] AndroidManifest.xml:42:5-73
61-->[me.leolin:ShortcutBadger:1.1.22] AndroidManifest.xml:42:22-70
62    <uses-permission android:name="com.oppo.launcher.permission.READ_SETTINGS" />
62-->[me.leolin:ShortcutBadger:1.1.22] AndroidManifest.xml:45:5-82
62-->[me.leolin:ShortcutBadger:1.1.22] AndroidManifest.xml:45:22-79
63    <uses-permission android:name="com.oppo.launcher.permission.WRITE_SETTINGS" /> <!-- for EvMe -->
63-->[me.leolin:ShortcutBadger:1.1.22] AndroidManifest.xml:46:5-83
63-->[me.leolin:ShortcutBadger:1.1.22] AndroidManifest.xml:46:22-80
64    <uses-permission android:name="me.everything.badger.permission.BADGE_COUNT_READ" />
64-->[me.leolin:ShortcutBadger:1.1.22] AndroidManifest.xml:49:5-88
64-->[me.leolin:ShortcutBadger:1.1.22] AndroidManifest.xml:49:22-85
65    <uses-permission android:name="me.everything.badger.permission.BADGE_COUNT_WRITE" />
65-->[me.leolin:ShortcutBadger:1.1.22] AndroidManifest.xml:50:5-89
65-->[me.leolin:ShortcutBadger:1.1.22] AndroidManifest.xml:50:22-86
66
67    <application
67-->src/main/AndroidManifest.xml:20:5-72:19
68        android:name="com.btroo.MainApplication"
68-->src/main/AndroidManifest.xml:21:7-38
69        android:allowBackup="false"
69-->src/main/AndroidManifest.xml:25:7-34
70        android:appComponentFactory="androidx.core.app.CoreComponentFactory"
70-->[androidx.core:core:1.7.0] AndroidManifest.xml:24:18-86
71        android:icon="@mipmap/ic_launcher"
71-->src/main/AndroidManifest.xml:23:7-41
72        android:label="@string/app_name"
72-->src/main/AndroidManifest.xml:22:7-39
73        android:roundIcon="@mipmap/ic_launcher_round"
73-->src/main/AndroidManifest.xml:24:7-52
74        android:supportsRtl="true"
74-->[com.github.numandev1:VideoCompressor:1a262bba37] AndroidManifest.xml:16:9-35
75        android:theme="@style/AppTheme"
75-->src/main/AndroidManifest.xml:27:7-38
76        android:usesCleartextTraffic="true" >
76-->src/main/AndroidManifest.xml:26:7-42
77        <activity
77-->src/main/AndroidManifest.xml:28:7-40:18
78            android:name="com.btroo.MainActivity"
78-->src/main/AndroidManifest.xml:29:9-37
79            android:configChanges="keyboard|keyboardHidden|orientation|screenLayout|screenSize|smallestScreenSize|uiMode"
79-->src/main/AndroidManifest.xml:31:9-118
80            android:exported="true"
80-->src/main/AndroidManifest.xml:35:9-32
81            android:label="@string/app_name"
81-->src/main/AndroidManifest.xml:30:9-41
82            android:launchMode="singleTask"
82-->src/main/AndroidManifest.xml:32:9-40
83            android:screenOrientation="portrait"
83-->src/main/AndroidManifest.xml:33:1-37
84            android:windowSoftInputMode="adjustResize" >
84-->src/main/AndroidManifest.xml:34:9-51
85            <intent-filter>
85-->src/main/AndroidManifest.xml:36:9-39:25
86                <action android:name="android.intent.action.MAIN" />
86-->src/main/AndroidManifest.xml:37:13-65
86-->src/main/AndroidManifest.xml:37:21-62
87
88                <category android:name="android.intent.category.LAUNCHER" />
88-->src/main/AndroidManifest.xml:38:13-73
88-->src/main/AndroidManifest.xml:38:23-70
89            </intent-filter>
90        </activity>
91
92        <meta-data
92-->src/main/AndroidManifest.xml:42:7-43:44
93            android:name="com.dieam.reactnativepushnotification.notification_foreground"
93-->src/main/AndroidManifest.xml:42:19-95
94            android:value="false" />
94-->src/main/AndroidManifest.xml:43:21-42
95        <!-- Change the resource name to your App's accent color - or any other color you want -->
96        <meta-data
96-->src/main/AndroidManifest.xml:45:9-46:54
97            android:name="com.dieam.reactnativepushnotification.notification_color"
97-->src/main/AndroidManifest.xml:45:21-92
98            android:resource="@color/white" /> <!-- or @android:color/{name} to use a standard color -->
98-->src/main/AndroidManifest.xml:46:21-52
99
100        <receiver
100-->src/main/AndroidManifest.xml:48:9-50:11
101            android:name="com.dieam.reactnativepushnotification.modules.RNPushNotificationActions"
101-->src/main/AndroidManifest.xml:48:19-105
102            android:exported="false" />
102-->src/main/AndroidManifest.xml:49:9-33
103        <receiver android:name="com.dieam.reactnativepushnotification.modules.RNPushNotificationPublisher" />
103-->src/main/AndroidManifest.xml:51:9-53:11
103-->src/main/AndroidManifest.xml:51:19-107
104        <receiver
104-->src/main/AndroidManifest.xml:54:9-62:20
105            android:name="com.dieam.reactnativepushnotification.modules.RNPushNotificationBootEventReceiver"
105-->src/main/AndroidManifest.xml:54:19-115
106            android:exported="false" >
106-->src/main/AndroidManifest.xml:55:12-36
107            <intent-filter>
107-->src/main/AndroidManifest.xml:57:13-61:29
108                <action android:name="android.intent.action.BOOT_COMPLETED" />
108-->src/main/AndroidManifest.xml:58:17-79
108-->src/main/AndroidManifest.xml:58:25-76
109                <action android:name="android.intent.action.QUICKBOOT_POWERON" />
109-->src/main/AndroidManifest.xml:59:17-82
109-->src/main/AndroidManifest.xml:59:25-79
110                <action android:name="com.htc.intent.action.QUICKBOOT_POWERON" />
110-->src/main/AndroidManifest.xml:60:17-81
110-->src/main/AndroidManifest.xml:60:25-79
111            </intent-filter>
112        </receiver>
113
114        <service
114-->src/main/AndroidManifest.xml:64:9-70:19
115            android:name="com.dieam.reactnativepushnotification.modules.RNPushNotificationListenerService"
115-->src/main/AndroidManifest.xml:65:13-107
116            android:exported="false" >
116-->src/main/AndroidManifest.xml:66:13-37
117            <intent-filter>
117-->src/main/AndroidManifest.xml:67:13-69:29
118                <action android:name="com.google.firebase.MESSAGING_EVENT" />
118-->src/main/AndroidManifest.xml:68:17-78
118-->src/main/AndroidManifest.xml:68:25-75
119            </intent-filter>
120        </service>
121
122        <meta-data
122-->[:react-native-firebase_analytics] AndroidManifest.xml:14:9-16:36
123            android:name="firebase_analytics_collection_enabled"
123-->[:react-native-firebase_analytics] AndroidManifest.xml:15:13-65
124            android:value="true" />
124-->[:react-native-firebase_analytics] AndroidManifest.xml:16:13-33
125        <meta-data
125-->[:react-native-firebase_analytics] AndroidManifest.xml:17:9-19:37
126            android:name="firebase_analytics_collection_deactivated"
126-->[:react-native-firebase_analytics] AndroidManifest.xml:18:13-69
127            android:value="false" />
127-->[:react-native-firebase_analytics] AndroidManifest.xml:19:13-34
128        <meta-data
128-->[:react-native-firebase_analytics] AndroidManifest.xml:20:9-22:36
129            android:name="google_analytics_adid_collection_enabled"
129-->[:react-native-firebase_analytics] AndroidManifest.xml:21:13-68
130            android:value="true" />
130-->[:react-native-firebase_analytics] AndroidManifest.xml:22:13-33
131        <meta-data
131-->[:react-native-firebase_analytics] AndroidManifest.xml:23:9-25:36
132            android:name="google_analytics_ssaid_collection_enabled"
132-->[:react-native-firebase_analytics] AndroidManifest.xml:24:13-69
133            android:value="true" />
133-->[:react-native-firebase_analytics] AndroidManifest.xml:25:13-33
134        <meta-data
134-->[:react-native-firebase_analytics] AndroidManifest.xml:26:9-28:36
135            android:name="google_analytics_default_allow_ad_personalization_signals"
135-->[:react-native-firebase_analytics] AndroidManifest.xml:27:13-85
136            android:value="true" />
136-->[:react-native-firebase_analytics] AndroidManifest.xml:28:13-33
137        <meta-data
137-->[:react-native-firebase_analytics] AndroidManifest.xml:29:9-31:36
138            android:name="google_analytics_automatic_screen_reporting_enabled"
138-->[:react-native-firebase_analytics] AndroidManifest.xml:30:13-79
139            android:value="true" />
139-->[:react-native-firebase_analytics] AndroidManifest.xml:31:13-33
140
141        <service
141-->[:react-native-firebase_messaging] AndroidManifest.xml:14:9-16:40
142            android:name="io.invertase.firebase.messaging.ReactNativeFirebaseMessagingHeadlessService"
142-->[:react-native-firebase_messaging] AndroidManifest.xml:15:13-103
143            android:exported="false" />
143-->[:react-native-firebase_messaging] AndroidManifest.xml:16:13-37
144        <service
144-->[:react-native-firebase_messaging] AndroidManifest.xml:17:9-23:19
145            android:name="io.invertase.firebase.messaging.ReactNativeFirebaseMessagingService"
145-->[:react-native-firebase_messaging] AndroidManifest.xml:18:13-95
146            android:exported="false" >
146-->[:react-native-firebase_messaging] AndroidManifest.xml:19:13-37
147            <intent-filter>
147-->src/main/AndroidManifest.xml:67:13-69:29
148                <action android:name="com.google.firebase.MESSAGING_EVENT" />
148-->src/main/AndroidManifest.xml:68:17-78
148-->src/main/AndroidManifest.xml:68:25-75
149            </intent-filter>
150        </service>
151
152        <receiver
152-->[:react-native-firebase_messaging] AndroidManifest.xml:25:9-32:20
153            android:name="io.invertase.firebase.messaging.ReactNativeFirebaseMessagingReceiver"
153-->[:react-native-firebase_messaging] AndroidManifest.xml:26:13-96
154            android:exported="true"
154-->[:react-native-firebase_messaging] AndroidManifest.xml:27:13-36
155            android:permission="com.google.android.c2dm.permission.SEND" >
155-->[:react-native-firebase_messaging] AndroidManifest.xml:28:13-73
156            <intent-filter>
156-->[:react-native-firebase_messaging] AndroidManifest.xml:29:13-31:29
157                <action android:name="com.google.android.c2dm.intent.RECEIVE" />
157-->[:react-native-firebase_messaging] AndroidManifest.xml:30:17-81
157-->[:react-native-firebase_messaging] AndroidManifest.xml:30:25-78
158            </intent-filter>
159        </receiver>
160
161        <meta-data
161-->[:react-native-firebase_messaging] AndroidManifest.xml:34:9-36:36
162            android:name="firebase_messaging_auto_init_enabled"
162-->[:react-native-firebase_messaging] AndroidManifest.xml:35:13-64
163            android:value="true" />
163-->[:react-native-firebase_messaging] AndroidManifest.xml:36:13-33
164        <meta-data
164-->[:react-native-firebase_messaging] AndroidManifest.xml:37:9-39:32
165            android:name="com.google.firebase.messaging.default_notification_channel_id"
165-->[:react-native-firebase_messaging] AndroidManifest.xml:38:13-89
166            android:value="" />
166-->[:react-native-firebase_messaging] AndroidManifest.xml:39:13-29
167        <meta-data
167-->[:react-native-firebase_messaging] AndroidManifest.xml:40:9-42:47
168            android:name="com.google.firebase.messaging.default_notification_color"
168-->[:react-native-firebase_messaging] AndroidManifest.xml:41:13-84
169            android:resource="@color/white" />
169-->[:react-native-firebase_messaging] AndroidManifest.xml:42:13-44
170        <meta-data
170-->[:react-native-firebase_app] AndroidManifest.xml:11:9-13:36
171            android:name="app_data_collection_default_enabled"
171-->[:react-native-firebase_app] AndroidManifest.xml:12:13-63
172            android:value="true" />
172-->[:react-native-firebase_app] AndroidManifest.xml:13:13-33
173
174        <service
174-->[:react-native-firebase_app] AndroidManifest.xml:15:9-23:19
175            android:name="com.google.firebase.components.ComponentDiscoveryService"
175-->[:react-native-firebase_app] AndroidManifest.xml:16:13-84
176            android:directBootAware="true"
176-->[:react-native-firebase_app] AndroidManifest.xml:17:13-43
177            android:exported="false" >
177-->[:react-native-firebase_app] AndroidManifest.xml:18:13-37
178            <meta-data
178-->[:react-native-firebase_app] AndroidManifest.xml:20:13-22:85
179                android:name="com.google.firebase.components:io.invertase.firebase.app.ReactNativeFirebaseAppRegistrar"
179-->[:react-native-firebase_app] AndroidManifest.xml:21:17-120
180                android:value="com.google.firebase.components.ComponentRegistrar" />
180-->[:react-native-firebase_app] AndroidManifest.xml:22:17-82
181            <meta-data
181-->[com.google.firebase:firebase-auth:22.1.0] AndroidManifest.xml:69:13-71:85
182                android:name="com.google.firebase.components:com.google.firebase.auth.FirebaseAuthRegistrar"
182-->[com.google.firebase:firebase-auth:22.1.0] AndroidManifest.xml:70:17-109
183                android:value="com.google.firebase.components.ComponentRegistrar" />
183-->[com.google.firebase:firebase-auth:22.1.0] AndroidManifest.xml:71:17-82
184            <meta-data
184-->[com.google.firebase:firebase-appcheck-playintegrity:17.0.1] AndroidManifest.xml:27:13-29:85
185                android:name="com.google.firebase.components:com.google.firebase.appcheck.playintegrity.FirebaseAppCheckPlayIntegrityRegistrar"
185-->[com.google.firebase:firebase-appcheck-playintegrity:17.0.1] AndroidManifest.xml:28:17-144
186                android:value="com.google.firebase.components.ComponentRegistrar" />
186-->[com.google.firebase:firebase-appcheck-playintegrity:17.0.1] AndroidManifest.xml:29:17-82
187            <meta-data
187-->[com.google.firebase:firebase-appcheck:17.0.1] AndroidManifest.xml:27:13-29:85
188                android:name="com.google.firebase.components:com.google.firebase.appcheck.FirebaseAppCheckRegistrar"
188-->[com.google.firebase:firebase-appcheck:17.0.1] AndroidManifest.xml:28:17-117
189                android:value="com.google.firebase.components.ComponentRegistrar" />
189-->[com.google.firebase:firebase-appcheck:17.0.1] AndroidManifest.xml:29:17-82
190            <meta-data
190-->[com.google.firebase:firebase-messaging:23.2.0] AndroidManifest.xml:55:13-57:85
191                android:name="com.google.firebase.components:com.google.firebase.messaging.FirebaseMessagingRegistrar"
191-->[com.google.firebase:firebase-messaging:23.2.0] AndroidManifest.xml:56:17-119
192                android:value="com.google.firebase.components.ComponentRegistrar" />
192-->[com.google.firebase:firebase-messaging:23.2.0] AndroidManifest.xml:57:17-82
193            <meta-data
193-->[com.google.firebase:firebase-datatransport:18.1.7] AndroidManifest.xml:27:13-29:85
194                android:name="com.google.firebase.components:com.google.firebase.datatransport.TransportRegistrar"
194-->[com.google.firebase:firebase-datatransport:18.1.7] AndroidManifest.xml:28:17-115
195                android:value="com.google.firebase.components.ComponentRegistrar" />
195-->[com.google.firebase:firebase-datatransport:18.1.7] AndroidManifest.xml:29:17-82
196            <meta-data
196-->[com.google.android.gms:play-services-measurement-api:21.3.0] AndroidManifest.xml:31:13-33:85
197                android:name="com.google.firebase.components:com.google.firebase.analytics.connector.internal.AnalyticsConnectorRegistrar"
197-->[com.google.android.gms:play-services-measurement-api:21.3.0] AndroidManifest.xml:32:17-139
198                android:value="com.google.firebase.components.ComponentRegistrar" />
198-->[com.google.android.gms:play-services-measurement-api:21.3.0] AndroidManifest.xml:33:17-82
199            <meta-data
199-->[com.google.firebase:firebase-installations:17.1.3] AndroidManifest.xml:17:13-19:85
200                android:name="com.google.firebase.components:com.google.firebase.installations.FirebaseInstallationsRegistrar"
200-->[com.google.firebase:firebase-installations:17.1.3] AndroidManifest.xml:18:17-127
201                android:value="com.google.firebase.components.ComponentRegistrar" />
201-->[com.google.firebase:firebase-installations:17.1.3] AndroidManifest.xml:19:17-82
202        </service>
203
204        <provider
204-->[:react-native-firebase_app] AndroidManifest.xml:25:9-29:38
205            android:name="io.invertase.firebase.app.ReactNativeFirebaseAppInitProvider"
205-->[:react-native-firebase_app] AndroidManifest.xml:26:13-88
206            android:authorities="com.btroo.reactnativefirebaseappinitprovider"
206-->[:react-native-firebase_app] AndroidManifest.xml:27:13-86
207            android:exported="false"
207-->[:react-native-firebase_app] AndroidManifest.xml:28:13-37
208            android:initOrder="99" />
208-->[:react-native-firebase_app] AndroidManifest.xml:29:13-35
209        <provider
209-->[:react-native-image-crop-picker] AndroidManifest.xml:18:9-26:20
210            android:name="com.reactnative.ivpusic.imagepicker.IvpusicImagePickerFileProvider"
210-->[:react-native-image-crop-picker] AndroidManifest.xml:19:13-94
211            android:authorities="com.btroo.provider"
211-->[:react-native-image-crop-picker] AndroidManifest.xml:20:13-60
212            android:exported="false"
212-->[:react-native-image-crop-picker] AndroidManifest.xml:21:13-37
213            android:grantUriPermissions="true" >
213-->[:react-native-image-crop-picker] AndroidManifest.xml:22:13-47
214            <meta-data
214-->[:react-native-image-crop-picker] AndroidManifest.xml:23:13-25:78
215                android:name="android.support.FILE_PROVIDER_PATHS"
215-->[:react-native-image-crop-picker] AndroidManifest.xml:24:17-67
216                android:resource="@xml/ivpusic_imagepicker_provider_paths" />
216-->[:react-native-image-crop-picker] AndroidManifest.xml:25:17-75
217        </provider>
218
219        <activity
219-->[:react-native-image-crop-picker] AndroidManifest.xml:28:9-30:72
220            android:name="com.yalantis.ucrop.UCropActivity"
220-->[:react-native-image-crop-picker] AndroidManifest.xml:29:13-60
221            android:theme="@style/Theme.AppCompat.Light.NoActionBar" />
221-->[:react-native-image-crop-picker] AndroidManifest.xml:30:13-69
222
223        <provider
223-->[:react-native-share] AndroidManifest.xml:10:9-18:20
224            android:name="cl.json.RNShareFileProvider"
224-->[:react-native-share] AndroidManifest.xml:11:13-55
225            android:authorities="com.btroo.rnshare.fileprovider"
225-->[:react-native-share] AndroidManifest.xml:12:13-72
226            android:exported="false"
226-->[:react-native-share] AndroidManifest.xml:13:13-37
227            android:grantUriPermissions="true" >
227-->[:react-native-share] AndroidManifest.xml:14:13-47
228            <meta-data
228-->[:react-native-image-crop-picker] AndroidManifest.xml:23:13-25:78
229                android:name="android.support.FILE_PROVIDER_PATHS"
229-->[:react-native-image-crop-picker] AndroidManifest.xml:24:17-67
230                android:resource="@xml/share_download_paths" />
230-->[:react-native-image-crop-picker] AndroidManifest.xml:25:17-75
231        </provider>
232
233        <activity
233-->[com.google.firebase:firebase-auth:22.1.0] AndroidManifest.xml:29:9-46:20
234            android:name="com.google.firebase.auth.internal.GenericIdpActivity"
234-->[com.google.firebase:firebase-auth:22.1.0] AndroidManifest.xml:30:13-80
235            android:excludeFromRecents="true"
235-->[com.google.firebase:firebase-auth:22.1.0] AndroidManifest.xml:31:13-46
236            android:exported="true"
236-->[com.google.firebase:firebase-auth:22.1.0] AndroidManifest.xml:32:13-36
237            android:launchMode="singleTask"
237-->[com.google.firebase:firebase-auth:22.1.0] AndroidManifest.xml:33:13-44
238            android:theme="@android:style/Theme.Translucent.NoTitleBar" >
238-->[com.google.firebase:firebase-auth:22.1.0] AndroidManifest.xml:34:13-72
239            <intent-filter>
239-->[com.google.firebase:firebase-auth:22.1.0] AndroidManifest.xml:35:13-45:29
240                <action android:name="android.intent.action.VIEW" />
240-->[:react-native-email-link] AndroidManifest.xml:11:13-65
240-->[:react-native-email-link] AndroidManifest.xml:11:21-62
241
242                <category android:name="android.intent.category.DEFAULT" />
242-->[com.google.firebase:firebase-auth:22.1.0] AndroidManifest.xml:38:17-76
242-->[com.google.firebase:firebase-auth:22.1.0] AndroidManifest.xml:38:27-73
243                <category android:name="android.intent.category.BROWSABLE" />
243-->[com.google.firebase:firebase-auth:22.1.0] AndroidManifest.xml:39:17-78
243-->[com.google.firebase:firebase-auth:22.1.0] AndroidManifest.xml:39:27-75
244
245                <data
245-->[:react-native-email-link] AndroidManifest.xml:13:13-45
246                    android:host="firebase.auth"
247                    android:path="/"
248                    android:scheme="genericidp" />
248-->[:react-native-email-link] AndroidManifest.xml:13:19-42
249            </intent-filter>
250        </activity>
251        <activity
251-->[com.google.firebase:firebase-auth:22.1.0] AndroidManifest.xml:47:9-64:20
252            android:name="com.google.firebase.auth.internal.RecaptchaActivity"
252-->[com.google.firebase:firebase-auth:22.1.0] AndroidManifest.xml:48:13-79
253            android:excludeFromRecents="true"
253-->[com.google.firebase:firebase-auth:22.1.0] AndroidManifest.xml:49:13-46
254            android:exported="true"
254-->[com.google.firebase:firebase-auth:22.1.0] AndroidManifest.xml:50:13-36